<?xml version="1.0" encoding="UTF-8"?>
<!-- Generated by org.testng.reporters.JUnitReportReporter -->
<testsuite skipped="0" hostname="DESKTOP-IT9G37N" name="TC4_GET_REQUEST" tests="1" failures="0" timestamp="2020-03-17T15:40:35 EDT" time="2.612" errors="0">
  <testcase name="getALLResponseHeader" time="2.612" classname="TC4_GET_REQUEST"/>
</testsuite> <!-- TC4_GET_REQUEST -->
