<?xml version="1.0" encoding="UTF-8"?>
<!-- Generated by org.testng.reporters.JUnitReportReporter -->
<testsuite skipped="0" hostname="DESKTOP-IT9G37N" name="TC2_GET_REQUEST" tests="1" failures="0" timestamp="2020-03-17T08:51:53 EDT" time="1.697" errors="0">
  <testcase name="googleMapTest" time="1.697" classname="TC2_GET_REQUEST"/>
</testsuite> <!-- TC2_GET_REQUEST -->
