<?xml version="1.0" encoding="UTF-8"?>
<!-- Generated by org.testng.reporters.JUnitReportReporter -->
<testsuite skipped="0" hostname="DESKTOP-IT9G37N" name="TC6_GET_REQUEST_VALIDATE_EACHJSONNODE" tests="1" failures="0" timestamp="2020-03-17T16:48:17 EDT" time="5.591" errors="0">
  <testcase name="getEachNodeOfJosnResponse" time="5.591" classname="TC6_GET_REQUEST_VALIDATE_EACHJSONNODE"/>
</testsuite> <!-- TC6_GET_REQUEST_VALIDATE_EACHJSONNODE -->
