<?xml version="1.0" encoding="UTF-8"?>
<!-- Generated by org.testng.reporters.JUnitReportReporter -->
<testsuite skipped="0" hostname="DESKTOP-IT9G37N" name="employeeProject.com.empoyeeapi.testcases.Get_Single_Employee_Details" tests="6" failures="0" timestamp="2020-03-18T20:17:33 EDT" time="0.037" errors="0">
  <testcase name="checkContentType" time="0.004" classname="employeeProject.com.empoyeeapi.testcases.Get_Single_Employee_Details"/>
  <testcase name="checkResponseTime" time="0.008" classname="employeeProject.com.empoyeeapi.testcases.Get_Single_Employee_Details"/>
  <testcase name="checkContentLenght" time="0.013" classname="employeeProject.com.empoyeeapi.testcases.Get_Single_Employee_Details"/>
  <testcase name="checkstatusLine" time="0.008" classname="employeeProject.com.empoyeeapi.testcases.Get_Single_Employee_Details"/>
  <testcase name="checkserverType" time="0.004" classname="employeeProject.com.empoyeeapi.testcases.Get_Single_Employee_Details"/>
  <testcase name="checkStatusCode" time="0.000" classname="employeeProject.com.empoyeeapi.testcases.Get_Single_Employee_Details"/>
</testsuite> <!-- employeeProject.com.empoyeeapi.testcases.Get_Single_Employee_Details -->
