<?xml version="1.0" encoding="UTF-8"?>
<!-- Generated by org.testng.reporters.JUnitReportReporter -->
<testsuite skipped="0" hostname="DESKTOP-IT9G37N" name="employeeProject.com.empoyeeapi.testcases.Get_All_Employees" tests="9" failures="0" timestamp="2020-03-18T20:04:14 EDT" time="0.207" errors="0">
  <testcase name="checkResponseBody" time="0.157" classname="employeeProject.com.empoyeeapi.testcases.Get_All_Employees"/>
  <testcase name="checkStatusCode" time="0.003" classname="employeeProject.com.empoyeeapi.testcases.Get_All_Employees"/>
  <testcase name="checkcontentEncoding" time="0.002" classname="employeeProject.com.empoyeeapi.testcases.Get_All_Employees"/>
  <testcase name="checkContentType" time="0.008" classname="employeeProject.com.empoyeeapi.testcases.Get_All_Employees"/>
  <testcase name="checkContentLenght" time="0.015" classname="employeeProject.com.empoyeeapi.testcases.Get_All_Employees"/>
  <testcase name="checkserverType" time="0.004" classname="employeeProject.com.empoyeeapi.testcases.Get_All_Employees"/>
  <testcase name="checkResponseTime" time="0.004" classname="employeeProject.com.empoyeeapi.testcases.Get_All_Employees"/>
  <testcase name="checkstatusLine" time="0.006" classname="employeeProject.com.empoyeeapi.testcases.Get_All_Employees"/>
  <testcase name="checkCookies" time="0.008" classname="employeeProject.com.empoyeeapi.testcases.Get_All_Employees"/>
</testsuite> <!-- employeeProject.com.empoyeeapi.testcases.Get_All_Employees -->
