<?xml version="1.0" encoding="UTF-8"?>
<!-- Generated by org.testng.reporters.JUnitReportReporter -->
<testsuite skipped="0" hostname="DESKTOP-IT9G37N" name="TC3_GET_REQUEST" tests="1" failures="0" timestamp="2020-03-17T15:33:32 EDT" time="2.811" errors="0">
  <testcase name="googleMapTest" time="2.811" classname="TC3_GET_REQUEST"/>
</testsuite> <!-- TC3_GET_REQUEST -->
