<?xml version="1.0" encoding="UTF-8"?>
<!-- Generated by org.testng.reporters.JUnitReportReporter -->
<testsuite skipped="0" hostname="DESKTOP-IT9G37N" name="TC7_GET_REQUEST_AUTHERIZATION" tests="1" failures="0" timestamp="2020-03-17T17:16:38 EDT" time="2.455" errors="0">
  <testcase name="requestAutherizationTest" time="2.455" classname="TC7_GET_REQUEST_AUTHERIZATION"/>
</testsuite> <!-- TC7_GET_REQUEST_AUTHERIZATION -->
