<?xml version="1.0" encoding="UTF-8"?>
<!-- Generated by org.testng.reporters.JUnitReportReporter -->
<testsuite skipped="0" hostname="DESKTOP-IT9G37N" name="TC5_GET_REQUEST_VLIDATE_RESPONSE_BODY" tests="1" failures="0" timestamp="2020-03-17T16:08:34 EDT" time="2.901" errors="0">
  <testcase name="getCityWeatherDetails" time="2.901" classname="TC5_GET_REQUEST_VLIDATE_RESPONSE_BODY"/>
</testsuite> <!-- TC5_GET_REQUEST_VLIDATE_RESPONSE_BODY -->
