<?xml version="1.0" encoding="UTF-8"?>
<!-- Generated by org.testng.reporters.JUnitReportReporter -->
<testsuite skipped="0" hostname="DESKTOP-IT9G37N" name="employeeProject.com.empoyeeapi.testcases.Post_Employee_Record" tests="6" failures="0" timestamp="2020-03-21T15:03:30 EDT" time="0.024" errors="0">
  <testcase name="checkContentType" time="0.007" classname="employeeProject.com.empoyeeapi.testcases.Post_Employee_Record"/>
  <testcase name="checkcontentEncoding" time="0.003" classname="employeeProject.com.empoyeeapi.testcases.Post_Employee_Record"/>
  <testcase name="checkResposeBody" time="0.011" classname="employeeProject.com.empoyeeapi.testcases.Post_Employee_Record"/>
  <testcase name="checkserverType" time="0.001" classname="employeeProject.com.empoyeeapi.testcases.Post_Employee_Record"/>
  <testcase name="checkStatusCode" time="0.001" classname="employeeProject.com.empoyeeapi.testcases.Post_Employee_Record"/>
  <testcase name="checkstatusLine" time="0.001" classname="employeeProject.com.empoyeeapi.testcases.Post_Employee_Record"/>
</testsuite> <!-- employeeProject.com.empoyeeapi.testcases.Post_Employee_Record -->
